Using pre-set license
Built from '2020.2/staging' branch; Version is '2020.2.6f1 (8a2143876886) revision 9052483'; Using compiler version '192528614'; Build Type 'Release'
OS: 'Windows 10 Pro; OS build 19042.804; Version 2009; 64bit' Language: 'en' Physical Memory: 16198 MB
BatchMode: 1, IsHumanControllingUs: 0, StartBugReporterOnCrash: 0, Is64bit: 1, IsPro: 0

 COMMAND LINE ARGUMENTS:
D:\Unity\Editors\2020.2.6f1\Editor\Unity.exe
-adb2
-batchMode
-noUpm
-name
AssetImportWorker0
-projectPath
D:/Projetos Pessoais/Faculdade/Inter5/PROJETO/DevilsTracks
-logFile
Logs/AssetImportWorker0.log
-srvPort
54136
Successfully changed project path to: D:/Projetos Pessoais/Faculdade/Inter5/PROJETO/DevilsTracks
D:/Projetos Pessoais/Faculdade/Inter5/PROJETO/DevilsTracks
Using Asset Import Pipeline V2.
Refreshing native plugins compatible for Editor in 45.56 ms, found 0 plugins.
Preloading 0 native plugins for Editor in 0.00 ms.
Initialize engine version: 2020.2.6f1 (8a2143876886)
[Subsystems] Discovering subsystems at path D:/Unity/Editors/2020.2.6f1/Editor/Data/Resources/UnitySubsystems
[Subsystems] Discovering subsystems at path D:/Projetos Pessoais/Faculdade/Inter5/PROJETO/DevilsTracks/Assets
GfxDevice: creating device client; threaded=0
Direct3D:
    Version:  Direct3D 11.0 [level 11.1]
    Renderer: NVIDIA GeForce GTX 1060 6GB (ID=0x1c03)
    Vendor:   
    VRAM:     6052 MB
    Driver:   27.21.14.6140
Initialize mono
Mono path[0] = 'D:/Unity/Editors/2020.2.6f1/Editor/Data/Managed'
Mono path[1] = 'D:/Unity/Editors/2020.2.6f1/Editor/Data/MonoBleedingEdge/lib/mono/unityjit'
Mono config path = 'D:/Unity/Editors/2020.2.6f1/Editor/Data/MonoBleedingEdge/etc'
Using monoOptions --debugger-agent=transport=dt_socket,embedding=1,server=y,suspend=n,address=127.0.0.1:56392
Begin MonoManager ReloadAssembly
Registering precompiled unity dll's ...
Register platform support module: D:/Unity/Editors/2020.2.6f1/Editor/Data/PlaybackEngines/WindowsStandaloneSupport/UnityEditor.WindowsStandalone.Extensions.dll
Registered in 0.001347 seconds.
Native extension for WindowsStandalone target not found
Refreshing native plugins compatible for Editor in 43.34 ms, found 0 plugins.
Preloading 0 native plugins for Editor in 0.00 ms.
Invoked RoslynAnalysisRunner static constructor.
RoslynAnalysisRunner will not be running.
RoslynAnalysisRunner has terminated.
Mono: successfully reloaded assembly
- Completed reload, in  1.654 seconds
Platform modules already initialized, skipping
Registering precompiled user dll's ...
Registered in 0.001032 seconds.
Begin MonoManager ReloadAssembly
Native extension for WindowsStandalone target not found
Refreshing native plugins compatible for Editor in 45.55 ms, found 0 plugins.
Preloading 0 native plugins for Editor in 0.00 ms.
Invoked RoslynAnalysisRunner static constructor.
RoslynAnalysisRunner will not be running.
RoslynAnalysisRunner has terminated.
Mono: successfully reloaded assembly
- Completed reload, in  0.959 seconds
Platform modules already initialized, skipping
========================================================================
Worker process is ready to serve import requests
Shader 'Universal Render Pipeline/Particles/Lit': fallback shader 'Universal Render Pipeline/Particles/SimpleLit' not found
Shader 'Universal Render Pipeline/Particles/Lit': fallback shader 'Universal Render Pipeline/Particles/SimpleLit' not found
Launched and connected shader compiler UnityShaderCompiler.exe after 0.09 seconds
Refreshing native plugins compatible for Editor in 0.48 ms, found 0 plugins.
Preloading 0 native plugins for Editor in 0.00 ms.
Unloading 2410 Unused Serialized files (Serialized files now loaded: 0)
System memory in use before: 112.1 MB.
System memory in use after: 109.9 MB.

Unloading 45 unused Assets to reduce memory usage. Loaded Objects now: 2815.
Total: 4.003500 ms (FindLiveObjects: 0.330600 ms CreateObjectMapping: 0.232100 ms MarkObjects: 1.995600 ms  DeleteObjects: 1.444200 ms)

========================================================================
Received Import Request.
  path: Assets/Prefabs/Player.prefab
  artifactKey: Guid(1298fda94db1b8245a54df0d9362725d) Importer(815301076,1909f56bfc062723c751e8b465ee728b)
Start importing Assets/Prefabs/Player.prefab using Guid(1298fda94db1b8245a54df0d9362725d) Importer(815301076,1909f56bfc062723c751e8b465ee728b)  -> (artifact id: 'e74245355da5c0acd27560390acdfeb1') in 0.266462 seconds
  Import took 0.271459 seconds .

========================================================================
Received Prepare
Registering precompiled user dll's ...
Registered in 0.001108 seconds.
Begin MonoManager ReloadAssembly
Native extension for WindowsStandalone target not found
Refreshing native plugins compatible for Editor in 0.45 ms, found 0 plugins.
Preloading 0 native plugins for Editor in 0.00 ms.
Invoked RoslynAnalysisRunner static constructor.
RoslynAnalysisRunner will not be running.
RoslynAnalysisRunner has terminated.
Mono: successfully reloaded assembly
- Completed reload, in  0.938 seconds
Platform modules already initialized, skipping
Shader 'Universal Render Pipeline/Particles/Lit': fallback shader 'Universal Render Pipeline/Particles/SimpleLit' not found
Shader 'Universal Render Pipeline/Particles/Lit': fallback shader 'Universal Render Pipeline/Particles/SimpleLit' not found
Refreshing native plugins compatible for Editor in 0.63 ms, found 0 plugins.
Preloading 0 native plugins for Editor in 0.00 ms.
Unloading 2335 Unused Serialized files (Serialized files now loaded: 0)
System memory in use before: 114.3 MB.
System memory in use after: 112.1 MB.

Unloading 40 unused Assets to reduce memory usage. Loaded Objects now: 2863.
Total: 4.401400 ms (FindLiveObjects: 0.290000 ms CreateObjectMapping: 0.089600 ms MarkObjects: 2.064000 ms  DeleteObjects: 1.956700 ms)

========================================================================
Received Import Request.
  Time since last request: 353.038993 seconds.
  path: Assets/Scenes/SampleScene/Volume(Ciano) Profile.asset
  artifactKey: Guid(4e2c6dfe593ed854eac936fedea49fa7) Importer(815301076,1909f56bfc062723c751e8b465ee728b)
Start importing Assets/Scenes/SampleScene/Volume(Ciano) Profile.asset using Guid(4e2c6dfe593ed854eac936fedea49fa7) Importer(815301076,1909f56bfc062723c751e8b465ee728b)  -> (artifact id: '3138baf3fb462f9996eabba0cc883565') in 0.025090 seconds
  Import took 0.030025 seconds .

========================================================================
Received Import Request.
  Time since last request: 0.000303 seconds.
  path: Assets/Scenes/SampleScene/Volume(Sépia) Profile.asset
  artifactKey: Guid(075a8e4b56cb0b046976a123045b0e76) Importer(815301076,1909f56bfc062723c751e8b465ee728b)
Start importing Assets/Scenes/SampleScene/Volume(Sépia) Profile.asset using Guid(075a8e4b56cb0b046976a123045b0e76) Importer(815301076,1909f56bfc062723c751e8b465ee728b)  -> (artifact id: '47bb9f80bfc562f786c5feb286a6ccc9') in 0.007916 seconds
  Import took 0.012774 seconds .

========================================================================
Received Import Request.
  Time since last request: 6.453584 seconds.
  path: Assets/Scenes/PlayerMovementTestingScene.unity
  artifactKey: Guid(b29be9607a4531f478d78e7d2890468f) Importer(815301076,1909f56bfc062723c751e8b465ee728b)
Start importing Assets/Scenes/PlayerMovementTestingScene.unity using Guid(b29be9607a4531f478d78e7d2890468f) Importer(815301076,1909f56bfc062723c751e8b465ee728b)  -> (artifact id: '3ec3b8770a08168e586912864e4baa0d') in 0.007740 seconds
  Import took 0.013444 seconds .

========================================================================
Received Import Request.
  Time since last request: 8.145885 seconds.
  path: Assets/Scenes/SampleSceneLightingSettings.lighting
  artifactKey: Guid(477cc4148fad3449482a3bc3178594e2) Importer(815301076,1909f56bfc062723c751e8b465ee728b)
Start importing Assets/Scenes/SampleSceneLightingSettings.lighting using Guid(477cc4148fad3449482a3bc3178594e2) Importer(815301076,1909f56bfc062723c751e8b465ee728b)  -> (artifact id: 'de3f2ad324f9a39bd5a438c709eee853') in 0.009468 seconds
  Import took 0.014070 seconds .

========================================================================
Received Import Request.
  Time since last request: 0.010618 seconds.
  path: Assets/Scenes/SampleSceneLightingSettings.lighting
  artifactKey: Guid(477cc4148fad3449482a3bc3178594e2) Importer(815301076,1909f56bfc062723c751e8b465ee728b)
Start importing Assets/Scenes/SampleSceneLightingSettings.lighting using Guid(477cc4148fad3449482a3bc3178594e2) Importer(815301076,1909f56bfc062723c751e8b465ee728b)  -> (artifact id: 'de3f2ad324f9a39bd5a438c709eee853') in 0.004000 seconds
  Import took 0.009521 seconds .

========================================================================
Received Import Request.
  Time since last request: 60.328661 seconds.
  path: Assets/Scenes/MM_MainMenu.unity
  artifactKey: Guid(7487c3469b94e9f40a0666a19fca91ae) Importer(815301076,1909f56bfc062723c751e8b465ee728b)
Start importing Assets/Scenes/MM_MainMenu.unity using Guid(7487c3469b94e9f40a0666a19fca91ae) Importer(815301076,1909f56bfc062723c751e8b465ee728b)  -> (artifact id: '13eb500ab65dcf722c93820c1f2f98a7') in 0.007505 seconds
  Import took 0.013139 seconds .

========================================================================
Received Import Request.
  Time since last request: 0.004091 seconds.
  path: Assets/Scenes/MM_MainMenu.unity
  artifactKey: Guid(7487c3469b94e9f40a0666a19fca91ae) Importer(815301076,1909f56bfc062723c751e8b465ee728b)
Start importing Assets/Scenes/MM_MainMenu.unity using Guid(7487c3469b94e9f40a0666a19fca91ae) Importer(815301076,1909f56bfc062723c751e8b465ee728b)  -> (artifact id: '13eb500ab65dcf722c93820c1f2f98a7') in 0.002480 seconds
  Import took 0.007851 seconds .

AssetImportWorkerClient::OnTransportError - code=2 error=End of file
